<testsuites>
  <testsuite name="Converter.Core.UnitTests.dll" tests="9" skipped="0" failures="0" errors="0" time="0.089637" timestamp="2025-01-22T16:53:35" hostname="LAPTOP-G7EIVOO8" id="0" package="Converter.Core.UnitTests.dll">
    <properties />
    <testcase classname="Converter.Core.UnitTests.Services.FileServiceTests" name="InvalidInputFile_WhenFileExists_ReturnsFalse" time="0.0077343" />
    <testcase classname="Converter.Core.UnitTests.Services.FileServiceTests" name="CreateConnectionString_WhenInputFileIsRelativePath_ReturnsConnectionStringWithFullPath" time="0.0015518" />
    <testcase classname="Converter.Core.UnitTests.Services.FileServiceTests" name="CreateConnectionString_ReturnsExpectedValue" time="0.0001108" />
    <testcase classname="Converter.Core.UnitTests.Services.FileServiceTests" name="InvalidInputFile_WhenFileDoesNotExist_ReturnsTrue" time="0.0002726" />
    <testcase classname="Converter.Core.UnitTests.Services.FileServiceTests" name="ConstructOutputFileName_ReturnsExpectedValue" time="0.0001408" />
    <testcase classname="Converter.Core.UnitTests.Commands.ConvertDbfToCsv.ConvertDbfToCsvCommandTests" name="Convert_ValidInputFile_ReturnsZero" time="0.0755871" />
    <testcase classname="Converter.Core.UnitTests.Commands.ConvertDbfToCsv.ConvertDbfToCsvCommandTests" name="Convert_ValidInputFile_CallsConvertToCsv" time="0.0038877" />
    <testcase classname="Converter.Core.UnitTests.Commands.ConvertDbfToCsv.ConvertDbfToCsvCommandTests" name="Convert_InvalidInputFile_ReturnsMinusOne" time="0.0001823" />
    <testcase classname="Converter.Core.UnitTests.Commands.ConvertDbfToCsv.ConvertDbfToCsvCommandTests" name="Convert_ValidInputFile_CallsWriteOutputFile" time="0.0001696" />
    <system-out>
Test Framework Informational Messages:
[xUnit.net 00:00:00.00] xUnit.net VSTest Adapter v3.0.1+f8675c32e5 (32-bit .NET 8.0.12)
[xUnit.net 00:00:00.09]   Discovering: Converter.Core.UnitTests
[xUnit.net 00:00:00.13]   Discovered:  Converter.Core.UnitTests
[xUnit.net 00:00:00.15]   Starting:    Converter.Core.UnitTests
[xUnit.net 00:00:00.26]   Finished:    Converter.Core.UnitTests
</system-out>
    <system-err></system-err>
  </testsuite>
</testsuites>